<?xml version="1.0" encoding="UTF-8"?>
<!-- Generated by org.testng.reporters.JUnitReportReporter -->
<testsuite skipped="0" hostname="LAPTOP-QNDHI2U3" name="dataProvider.DataProviderDemo" tests="17" failures="0" timestamp="2023-06-24T21:58:02 IST" time="0.027" errors="0">
  <testcase name="loginApp" time="0.006" classname="dataProvider.DataProviderDemo"/>
  <system-out/>
  <testcase name="loginApp" time="0.001" classname="dataProvider.DataProviderDemo"/>
  <system-out/>
  <testcase name="loginApp" time="0.002" classname="dataProvider.DataProviderDemo"/>
  <system-out/>
  <testcase name="loginApp" time="0.001" classname="dataProvider.DataProviderDemo"/>
  <system-out/>
  <testcase name="loginApp" time="0.001" classname="dataProvider.DataProviderDemo"/>
  <system-out/>
  <testcase name="loginApp" time="0.002" classname="dataProvider.DataProviderDemo"/>
  <system-out/>
  <testcase name="loginApp" time="0.002" classname="dataProvider.DataProviderDemo"/>
  <system-out/>
  <testcase name="loginApp" time="0.001" classname="dataProvider.DataProviderDemo"/>
  <system-out/>
  <testcase name="loginApp" time="0.001" classname="dataProvider.DataProviderDemo"/>
  <system-out/>
  <testcase name="loginApp" time="0.001" classname="dataProvider.DataProviderDemo"/>
  <system-out/>
  <testcase name="loginApp" time="0.001" classname="dataProvider.DataProviderDemo"/>
  <system-out/>
  <testcase name="loginApp" time="0.001" classname="dataProvider.DataProviderDemo"/>
  <system-out/>
  <testcase name="loginApp" time="0.001" classname="dataProvider.DataProviderDemo"/>
  <system-out/>
  <testcase name="loginApp" time="0.001" classname="dataProvider.DataProviderDemo"/>
  <system-out/>
  <testcase name="loginApp" time="0.002" classname="dataProvider.DataProviderDemo"/>
  <system-out/>
  <testcase name="loginApp" time="0.002" classname="dataProvider.DataProviderDemo"/>
  <system-out/>
  <testcase name="loginApp" time="0.001" classname="dataProvider.DataProviderDemo"/>
  <system-out/>
</testsuite> <!-- dataProvider.DataProviderDemo -->
