<?xml version="1.0" encoding="UTF-8"?>
<!-- Generated by org.testng.reporters.JUnitReportReporter -->
<testsuite skipped="0" hostname="LAPTOP-QNDHI2U3" name="dataProvider.dp1" tests="1" failures="0" timestamp="2023-06-24T21:14:52 IST" time="0.547" errors="0">
  <testcase name="getData1" time="0.547" classname="dataProvider.dp1"/>
  <system-out/>
</testsuite> <!-- dataProvider.dp1 -->
