<?xml version="1.0" encoding="UTF-8"?>
<!-- Generated by org.testng.reporters.JUnitReportReporter -->
<testsuite skipped="0" hostname="LAPTOP-QNDHI2U3" name="testcasesForamazon.PrintAllCheckboxes" tests="1" failures="0" timestamp="2023-06-23T15:12:21 IST" time="11.095" errors="0">
  <testcase name="printTextOfCheckboxes" time="11.095" classname="testcasesForamazon.PrintAllCheckboxes"/>
  <system-out/>
</testsuite> <!-- testcasesForamazon.PrintAllCheckboxes -->
