<?xml version="1.0" encoding="UTF-8"?>
<!-- Generated by org.testng.reporters.JUnitReportReporter -->
<testsuite skipped="0" hostname="LAPTOP-QNDHI2U3" name="testcasesForamazon.Flipkart" tests="1" failures="0" timestamp="2023-06-23T17:09:52 IST" time="22.146" errors="0">
  <testcase name="test" time="22.146" classname="testcasesForamazon.Flipkart"/>
  <system-out/>
</testsuite> <!-- testcasesForamazon.Flipkart -->
